# JRE version: OpenJDK Runtime Environment (7.0_79-b14) (build 1.7.0_79-b14)
# Java VM: OpenJDK 64-Bit Server VM (24.79-b02 mixed mode linux-amd64 compressed oops)
Heap
 PSYoungGen      total 417792K, used 224K [0x00000007d6a00000, 0x00000007f0780000, 0x0000000800000000)
  eden space 412160K, 0% used [0x00000007d6a00000,0x00000007d6a00000,0x00000007efc80000)
  from space 5632K, 3% used [0x00000007efc80000,0x00000007efcb8000,0x00000007f0200000)
  to   space 5632K, 0% used [0x00000007f0200000,0x00000007f0200000,0x00000007f0780000)
 ParOldGen       total 84480K, used 3035K [0x0000000783e00000, 0x0000000789080000, 0x00000007d6a00000)
  object space 84480K, 3% used [0x0000000783e00000,0x00000007840f6d38,0x0000000789080000)
 PSPermGen       total 21504K, used 8470K [0x0000000779800000, 0x000000077ad00000, 0x0000000783e00000)
  object space 21504K, 39% used [0x0000000779800000,0x000000077a0458a0,0x000000077ad00000)
GC Heap History (10 events):
Event: 0.873 GC heap after
Heap after GC invocations=6 (full 0):
 PSYoungGen      total 133632K, used 3189K [0x00000007d6a00000, 0x00000007df100000, 0x0000000800000000)
  eden space 129024K, 0% used [0x00000007d6a00000,0x00000007d6a00000,0x00000007de800000)
  from space 4608K, 69% used [0x00000007dec80000,0x00000007def9d460,0x00000007df100000)
  to   space 4608K, 0% used [0x00000007de800000,0x00000007de800000,0x00000007dec80000)
 ParOldGen       total 84480K, used 32K [0x0000000783e00000, 0x0000000789080000, 0x00000007d6a00000)
  object space 84480K, 0% used [0x0000000783e00000,0x0000000783e08000,0x0000000789080000)
 PSPermGen       total 21504K, used 8469K [0x0000000779800000, 0x000000077ad00000, 0x0000000783e00000)
  object space 21504K, 39% used [0x0000000779800000,0x000000077a0454a8,0x000000077ad00000)
}
Event: 1.033 GC heap before
{Heap before GC invocations=7 (full 0):
 PSYoungGen      total 133632K, used 132213K [0x00000007d6a00000, 0x00000007df100000, 0x0000000800000000)
  eden space 129024K, 100% used [0x00000007d6a00000,0x00000007de800000,0x00000007de800000)
  from space 4608K, 69% used [0x00000007dec80000,0x00000007def9d460,0x00000007df100000)
  to   space 4608K, 0% used [0x00000007de800000,0x00000007de800000,0x00000007dec80000)
 ParOldGen       total 84480K, used 32K [0x0000000783e00000, 0x0000000789080000, 0x00000007d6a00000)
  object space 84480K, 0% used [0x0000000783e00000,0x0000000783e08000,0x0000000789080000)
 PSPermGen       total 21504K, used 8469K [0x0000000779800000, 0x000000077ad00000, 0x0000000783e00000)
  object space 21504K, 39% used [0x0000000779800000,0x000000077a0454c8,0x000000077ad00000)
Event: 1.035 GC heap after
Heap after GC invocations=7 (full 0):
 PSYoungGen      total 133632K, used 416K [0x00000007d6a00000, 0x00000007e7000000, 0x0000000800000000)
  eden space 129024K, 0% used [0x00000007d6a00000,0x00000007d6a00000,0x00000007de800000)
  from space 4608K, 9% used [0x00000007de800000,0x00000007de868000,0x00000007dec80000)
  to   space 5120K, 0% used [0x00000007e6b00000,0x00000007e6b00000,0x00000007e7000000)
 ParOldGen       total 84480K, used 2299K [0x0000000783e00000, 0x0000000789080000, 0x00000007d6a00000)
  object space 84480K, 2% used [0x0000000783e00000,0x000000078403ec18,0x0000000789080000)
 PSPermGen       total 21504K, used 8469K [0x0000000779800000, 0x000000077ad00000, 0x0000000783e00000)
  object space 21504K, 39% used [0x0000000779800000,0x000000077a0454c8,0x000000077ad00000)
}
Event: 1.130 GC heap before
{Heap before GC invocations=8 (full 0):
 PSYoungGen      total 133632K, used 129440K [0x00000007d6a00000, 0x00000007e7000000, 0x0000000800000000)
  eden space 129024K, 100% used [0x00000007d6a00000,0x00000007de800000,0x00000007de800000)
  from space 4608K, 9% used [0x00000007de800000,0x00000007de868000,0x00000007dec80000)
  to   space 5120K, 0% used [0x00000007e6b00000,0x00000007e6b00000,0x00000007e7000000)
 ParOldGen       total 84480K, used 2299K [0x0000000783e00000, 0x0000000789080000, 0x00000007d6a00000)
  object space 84480K, 2% used [0x0000000783e00000,0x000000078403ec18,0x0000000789080000)
 PSPermGen       total 21504K, used 8469K [0x0000000779800000, 0x000000077ad00000, 0x0000000783e00000)
  object space 21504K, 39% used [0x0000000779800000,0x000000077a0457e0,0x000000077ad00000)
Event: 1.131 GC heap after
Heap after GC invocations=8 (full 0):
 PSYoungGen      total 262656K, used 352K [0x00000007d6a00000, 0x00000007e7100000, 0x0000000800000000)
  eden space 257536K, 0% used [0x00000007d6a00000,0x00000007d6a00000,0x00000007e6580000)
  from space 5120K, 6% used [0x00000007e6b00000,0x00000007e6b58000,0x00000007e7000000)
  to   space 5632K, 0% used [0x00000007e6580000,0x00000007e6580000,0x00000007e6b00000)
 ParOldGen       total 84480K, used 2403K [0x0000000783e00000, 0x0000000789080000, 0x00000007d6a00000)
  object space 84480K, 2% used [0x0000000783e00000,0x0000000784058c18,0x0000000789080000)
 PSPermGen       total 21504K, used 8469K [0x0000000779800000, 0x000000077ad00000, 0x0000000783e00000)
  object space 21504K, 39% used [0x0000000779800000,0x000000077a0457e0,0x000000077ad00000)
}
Event: 1.346 GC heap before
{Heap before GC invocations=9 (full 0):
 PSYoungGen      total 262656K, used 257888K [0x00000007d6a00000, 0x00000007e7100000, 0x0000000800000000)
  eden space 257536K, 100% used [0x00000007d6a00000,0x00000007e6580000,0x00000007e6580000)
  from space 5120K, 6% used [0x00000007e6b00000,0x00000007e6b58000,0x00000007e7000000)
  to   space 5632K, 0% used [0x00000007e6580000,0x00000007e6580000,0x00000007e6b00000)
 ParOldGen       total 84480K, used 2403K [0x0000000783e00000, 0x0000000789080000, 0x00000007d6a00000)
  object space 84480K, 2% used [0x0000000783e00000,0x0000000784058c18,0x0000000789080000)
 PSPermGen       total 21504K, used 8470K [0x0000000779800000, 0x000000077ad00000, 0x0000000783e00000)
  object space 21504K, 39% used [0x0000000779800000,0x000000077a0458a0,0x000000077ad00000)
Event: 1.346 GC heap after
Heap after GC invocations=9 (full 0):
 PSYoungGen      total 263168K, used 416K [0x00000007d6a00000, 0x00000007f0780000, 0x0000000800000000)
  eden space 257536K, 0% used [0x00000007d6a00000,0x00000007d6a00000,0x00000007e6580000)
  from space 5632K, 7% used [0x00000007e6580000,0x00000007e65e8000,0x00000007e6b00000)
  to   space 5632K, 0% used [0x00000007f0200000,0x00000007f0200000,0x00000007f0780000)
 ParOldGen       total 84480K, used 2555K [0x0000000783e00000, 0x0000000789080000, 0x00000007d6a00000)
  object space 84480K, 3% used [0x0000000783e00000,0x000000078407ec18,0x0000000789080000)
 PSPermGen       total 21504K, used 8470K [0x0000000779800000, 0x000000077ad00000, 0x0000000783e00000)
  object space 21504K, 39% used [0x0000000779800000,0x000000077a0458a0,0x000000077ad00000)
}
Event: 1.480 GC heap before
{Heap before GC invocations=10 (full 0):
 PSYoungGen      total 263168K, used 257952K [0x00000007d6a00000, 0x00000007f0780000, 0x0000000800000000)
  eden space 257536K, 100% used [0x00000007d6a00000,0x00000007e6580000,0x00000007e6580000)
  from space 5632K, 7% used [0x00000007e6580000,0x00000007e65e8000,0x00000007e6b00000)
  to   space 5632K, 0% used [0x00000007f0200000,0x00000007f0200000,0x00000007f0780000)
 ParOldGen       total 84480K, used 2555K [0x0000000783e00000, 0x0000000789080000, 0x00000007d6a00000)
  object space 84480K, 3% used [0x0000000783e00000,0x000000078407ec18,0x0000000789080000)
 PSPermGen       total 21504K, used 8470K [0x0000000779800000, 0x000000077ad00000, 0x0000000783e00000)
  object space 21504K, 39% used [0x0000000779800000,0x000000077a0458a0,0x000000077ad00000)
Event: 1.481 GC heap after
Heap after GC invocations=10 (full 0):
 PSYoungGen      total 417792K, used 384K [0x00000007d6a00000, 0x00000007f0780000, 0x0000000800000000)
  eden space 412160K, 0% used [0x00000007d6a00000,0x00000007d6a00000,0x00000007efc80000)
  from space 5632K, 6% used [0x00000007f0200000,0x00000007f0260000,0x00000007f0780000)
  to   space 5632K, 0% used [0x00000007efc80000,0x00000007efc80000,0x00000007f0200000)
 ParOldGen       total 84480K, used 2739K [0x0000000783e00000, 0x0000000789080000, 0x00000007d6a00000)
  object space 84480K, 3% used [0x0000000783e00000,0x00000007840acc18,0x0000000789080000)
 PSPermGen       total 21504K, used 8470K [0x0000000779800000, 0x000000077ad00000, 0x0000000783e00000)
  object space 21504K, 39% used [0x0000000779800000,0x000000077a0458a0,0x000000077ad00000)
}
Event: 1.795 GC heap before
{Heap before GC invocations=11 (full 0):
 PSYoungGen      total 417792K, used 412544K [0x00000007d6a00000, 0x00000007f0780000, 0x0000000800000000)
  eden space 412160K, 100% used [0x00000007d6a00000,0x00000007efc80000,0x00000007efc80000)
  from space 5632K, 6% used [0x00000007f0200000,0x00000007f0260000,0x00000007f0780000)
  to   space 5632K, 0% used [0x00000007efc80000,0x00000007efc80000,0x00000007f0200000)
 ParOldGen       total 84480K, used 2739K [0x0000000783e00000, 0x0000000789080000, 0x00000007d6a00000)
  object space 84480K, 3% used [0x0000000783e00000,0x00000007840acc18,0x0000000789080000)
 PSPermGen       total 21504K, used 8470K [0x0000000779800000, 0x000000077ad00000, 0x0000000783e00000)
  object space 21504K, 39% used [0x0000000779800000,0x000000077a0458a0,0x000000077ad00000)

