# JRE version: OpenJDK Runtime Environment (7.0_79-b14) (build 1.7.0_79-b14)
# Java VM: OpenJDK 64-Bit Server VM (24.79-b02 mixed mode linux-amd64 compressed oops)
Heap
 PSYoungGen      total 416256K, used 208K [0x00000007d6a00000, 0x00000007f0600000, 0x0000000800000000)
  eden space 410624K, 0% used [0x00000007d6a00000,0x00000007d6a00000,0x00000007efb00000)
  from space 5632K, 3% used [0x00000007efb00000,0x00000007efb34120,0x00000007f0080000)
  to   space 5632K, 0% used [0x00000007f0080000,0x00000007f0080000,0x00000007f0600000)
 ParOldGen       total 84480K, used 2954K [0x0000000783e00000, 0x0000000789080000, 0x00000007d6a00000)
  object space 84480K, 3% used [0x0000000783e00000,0x00000007840e2a50,0x0000000789080000)
 PSPermGen       total 21504K, used 8528K [0x0000000779800000, 0x000000077ad00000, 0x0000000783e00000)
  object space 21504K, 39% used [0x0000000779800000,0x000000077a0542d8,0x000000077ad00000)
GC Heap History (10 events):
Event: 0.805 GC heap after
Heap after GC invocations=6 (full 0):
 PSYoungGen      total 133120K, used 3814K [0x00000007d6a00000, 0x00000007df200000, 0x0000000800000000)
  eden space 128512K, 0% used [0x00000007d6a00000,0x00000007d6a00000,0x00000007de780000)
  from space 4608K, 82% used [0x00000007dec80000,0x00000007df039870,0x00000007df100000)
  to   space 5120K, 0% used [0x00000007de780000,0x00000007de780000,0x00000007dec80000)
 ParOldGen       total 84480K, used 40K [0x0000000783e00000, 0x0000000789080000, 0x00000007d6a00000)
  object space 84480K, 0% used [0x0000000783e00000,0x0000000783e0a000,0x0000000789080000)
 PSPermGen       total 21504K, used 8527K [0x0000000779800000, 0x000000077ad00000, 0x0000000783e00000)
  object space 21504K, 39% used [0x0000000779800000,0x000000077a053d68,0x000000077ad00000)
}
Event: 0.948 GC heap before
{Heap before GC invocations=7 (full 0):
 PSYoungGen      total 133120K, used 132326K [0x00000007d6a00000, 0x00000007df200000, 0x0000000800000000)
  eden space 128512K, 100% used [0x00000007d6a00000,0x00000007de780000,0x00000007de780000)
  from space 4608K, 82% used [0x00000007dec80000,0x00000007df039870,0x00000007df100000)
  to   space 5120K, 0% used [0x00000007de780000,0x00000007de780000,0x00000007dec80000)
 ParOldGen       total 84480K, used 40K [0x0000000783e00000, 0x0000000789080000, 0x00000007d6a00000)
  object space 84480K, 0% used [0x0000000783e00000,0x0000000783e0a000,0x0000000789080000)
 PSPermGen       total 21504K, used 8527K [0x0000000779800000, 0x000000077ad00000, 0x0000000783e00000)
  object space 21504K, 39% used [0x0000000779800000,0x000000077a053e58,0x000000077ad00000)
Event: 0.951 GC heap after
Heap after GC invocations=7 (full 0):
 PSYoungGen      total 133632K, used 448K [0x00000007d6a00000, 0x00000007e6f00000, 0x0000000800000000)
  eden space 128512K, 0% used [0x00000007d6a00000,0x00000007d6a00000,0x00000007de780000)
  from space 5120K, 8% used [0x00000007de780000,0x00000007de7f0000,0x00000007dec80000)
  to   space 5120K, 0% used [0x00000007e6a00000,0x00000007e6a00000,0x00000007e6f00000)
 ParOldGen       total 84480K, used 2322K [0x0000000783e00000, 0x0000000789080000, 0x00000007d6a00000)
  object space 84480K, 2% used [0x0000000783e00000,0x0000000784044a50,0x0000000789080000)
 PSPermGen       total 21504K, used 8527K [0x0000000779800000, 0x000000077ad00000, 0x0000000783e00000)
  object space 21504K, 39% used [0x0000000779800000,0x000000077a053e58,0x000000077ad00000)
}
Event: 1.048 GC heap before
{Heap before GC invocations=8 (full 0):
 PSYoungGen      total 133632K, used 128960K [0x00000007d6a00000, 0x00000007e6f00000, 0x0000000800000000)
  eden space 128512K, 100% used [0x00000007d6a00000,0x00000007de780000,0x00000007de780000)
  from space 5120K, 8% used [0x00000007de780000,0x00000007de7f0000,0x00000007dec80000)
  to   space 5120K, 0% used [0x00000007e6a00000,0x00000007e6a00000,0x00000007e6f00000)
 ParOldGen       total 84480K, used 2322K [0x0000000783e00000, 0x0000000789080000, 0x00000007d6a00000)
  object space 84480K, 2% used [0x0000000783e00000,0x0000000784044a50,0x0000000789080000)
 PSPermGen       total 21504K, used 8528K [0x0000000779800000, 0x000000077ad00000, 0x0000000783e00000)
  object space 21504K, 39% used [0x0000000779800000,0x000000077a054170,0x000000077ad00000)
Event: 1.049 GC heap after
Heap after GC invocations=8 (full 0):
 PSYoungGen      total 261632K, used 384K [0x00000007d6a00000, 0x00000007e7000000, 0x0000000800000000)
  eden space 256512K, 0% used [0x00000007d6a00000,0x00000007d6a00000,0x00000007e6480000)
  from space 5120K, 7% used [0x00000007e6a00000,0x00000007e6a60000,0x00000007e6f00000)
  to   space 5632K, 0% used [0x00000007e6480000,0x00000007e6480000,0x00000007e6a00000)
 ParOldGen       total 84480K, used 2418K [0x0000000783e00000, 0x0000000789080000, 0x00000007d6a00000)
  object space 84480K, 2% used [0x0000000783e00000,0x000000078405ca50,0x0000000789080000)
 PSPermGen       total 21504K, used 8528K [0x0000000779800000, 0x000000077ad00000, 0x0000000783e00000)
  object space 21504K, 39% used [0x0000000779800000,0x000000077a054170,0x000000077ad00000)
}
Event: 1.219 GC heap before
{Heap before GC invocations=9 (full 0):
 PSYoungGen      total 261632K, used 256896K [0x00000007d6a00000, 0x00000007e7000000, 0x0000000800000000)
  eden space 256512K, 100% used [0x00000007d6a00000,0x00000007e6480000,0x00000007e6480000)
  from space 5120K, 7% used [0x00000007e6a00000,0x00000007e6a60000,0x00000007e6f00000)
  to   space 5632K, 0% used [0x00000007e6480000,0x00000007e6480000,0x00000007e6a00000)
 ParOldGen       total 84480K, used 2418K [0x0000000783e00000, 0x0000000789080000, 0x00000007d6a00000)
  object space 84480K, 2% used [0x0000000783e00000,0x000000078405ca50,0x0000000789080000)
 PSPermGen       total 21504K, used 8528K [0x0000000779800000, 0x000000077ad00000, 0x0000000783e00000)
  object space 21504K, 39% used [0x0000000779800000,0x000000077a054230,0x000000077ad00000)
Event: 1.219 GC heap after
Heap after GC invocations=9 (full 0):
 PSYoungGen      total 262144K, used 352K [0x00000007d6a00000, 0x00000007f0600000, 0x0000000800000000)
  eden space 256512K, 0% used [0x00000007d6a00000,0x00000007d6a00000,0x00000007e6480000)
  from space 5632K, 6% used [0x00000007e6480000,0x00000007e64d8000,0x00000007e6a00000)
  to   space 5632K, 0% used [0x00000007f0080000,0x00000007f0080000,0x00000007f0600000)
 ParOldGen       total 84480K, used 2554K [0x0000000783e00000, 0x0000000789080000, 0x00000007d6a00000)
  object space 84480K, 3% used [0x0000000783e00000,0x000000078407ea50,0x0000000789080000)
 PSPermGen       total 21504K, used 8528K [0x0000000779800000, 0x000000077ad00000, 0x0000000783e00000)
  object space 21504K, 39% used [0x0000000779800000,0x000000077a054230,0x000000077ad00000)
}
Event: 1.381 GC heap before
{Heap before GC invocations=10 (full 0):
 PSYoungGen      total 262144K, used 256864K [0x00000007d6a00000, 0x00000007f0600000, 0x0000000800000000)
  eden space 256512K, 100% used [0x00000007d6a00000,0x00000007e6480000,0x00000007e6480000)
  from space 5632K, 6% used [0x00000007e6480000,0x00000007e64d8000,0x00000007e6a00000)
  to   space 5632K, 0% used [0x00000007f0080000,0x00000007f0080000,0x00000007f0600000)
 ParOldGen       total 84480K, used 2554K [0x0000000783e00000, 0x0000000789080000, 0x00000007d6a00000)
  object space 84480K, 3% used [0x0000000783e00000,0x000000078407ea50,0x0000000789080000)
 PSPermGen       total 21504K, used 8528K [0x0000000779800000, 0x000000077ad00000, 0x0000000783e00000)
  object space 21504K, 39% used [0x0000000779800000,0x000000077a054230,0x000000077ad00000)
Event: 1.382 GC heap after
Heap after GC invocations=10 (full 0):
 PSYoungGen      total 416256K, used 288K [0x00000007d6a00000, 0x00000007f0600000, 0x0000000800000000)
  eden space 410624K, 0% used [0x00000007d6a00000,0x00000007d6a00000,0x00000007efb00000)
  from space 5632K, 5% used [0x00000007f0080000,0x00000007f00c8000,0x00000007f0600000)
  to   space 5632K, 0% used [0x00000007efb00000,0x00000007efb00000,0x00000007f0080000)
 ParOldGen       total 84480K, used 2730K [0x0000000783e00000, 0x0000000789080000, 0x00000007d6a00000)
  object space 84480K, 3% used [0x0000000783e00000,0x00000007840aaa50,0x0000000789080000)
 PSPermGen       total 21504K, used 8528K [0x0000000779800000, 0x000000077ad00000, 0x0000000783e00000)
  object space 21504K, 39% used [0x0000000779800000,0x000000077a054230,0x000000077ad00000)
}
Event: 1.608 GC heap before
{Heap before GC invocations=11 (full 0):
 PSYoungGen      total 416256K, used 410912K [0x00000007d6a00000, 0x00000007f0600000, 0x0000000800000000)
  eden space 410624K, 100% used [0x00000007d6a00000,0x00000007efb00000,0x00000007efb00000)
  from space 5632K, 5% used [0x00000007f0080000,0x00000007f00c8000,0x00000007f0600000)
  to   space 5632K, 0% used [0x00000007efb00000,0x00000007efb00000,0x00000007f0080000)
 ParOldGen       total 84480K, used 2730K [0x0000000783e00000, 0x0000000789080000, 0x00000007d6a00000)
  object space 84480K, 3% used [0x0000000783e00000,0x00000007840aaa50,0x0000000789080000)
 PSPermGen       total 21504K, used 8528K [0x0000000779800000, 0x000000077ad00000, 0x0000000783e00000)
  object space 21504K, 39% used [0x0000000779800000,0x000000077a0542d8,0x000000077ad00000)

