# JRE version: OpenJDK Runtime Environment (7.0_79-b14) (build 1.7.0_79-b14)
# Java VM: OpenJDK 64-Bit Server VM (24.79-b02 mixed mode linux-amd64 compressed oops)
Heap
 PSYoungGen      total 417280K, used 224K [0x00000007d6a00000, 0x00000007f0680000, 0x0000000800000000)
  eden space 412160K, 0% used [0x00000007d6a00000,0x00000007d6a00000,0x00000007efc80000)
  from space 5120K, 4% used [0x00000007efc80000,0x00000007efcb8000,0x00000007f0180000)
  to   space 5120K, 0% used [0x00000007f0180000,0x00000007f0180000,0x00000007f0680000)
 ParOldGen       total 84480K, used 3503K [0x0000000783e00000, 0x0000000789080000, 0x00000007d6a00000)
  object space 84480K, 4% used [0x0000000783e00000,0x000000078416bd08,0x0000000789080000)
 PSPermGen       total 21504K, used 8529K [0x0000000779800000, 0x000000077ad00000, 0x0000000783e00000)
  object space 21504K, 39% used [0x0000000779800000,0x000000077a0547c8,0x000000077ad00000)
GC Heap History (10 events):
Event: 0.830 GC heap after
Heap after GC invocations=6 (full 0):
 PSYoungGen      total 132608K, used 3123K [0x00000007d6a00000, 0x00000007df000000, 0x0000000800000000)
  eden space 129024K, 0% used [0x00000007d6a00000,0x00000007d6a00000,0x00000007de800000)
  from space 3584K, 87% used [0x00000007dec80000,0x00000007def8cc30,0x00000007df000000)
  to   space 4096K, 0% used [0x00000007de800000,0x00000007de800000,0x00000007dec00000)
 ParOldGen       total 84480K, used 40K [0x0000000783e00000, 0x0000000789080000, 0x00000007d6a00000)
  object space 84480K, 0% used [0x0000000783e00000,0x0000000783e0a000,0x0000000789080000)
 PSPermGen       total 21504K, used 8527K [0x0000000779800000, 0x000000077ad00000, 0x0000000783e00000)
  object space 21504K, 39% used [0x0000000779800000,0x000000077a053cc0,0x000000077ad00000)
}
Event: 0.998 GC heap before
{Heap before GC invocations=7 (full 0):
 PSYoungGen      total 132608K, used 132147K [0x00000007d6a00000, 0x00000007df000000, 0x0000000800000000)
  eden space 129024K, 100% used [0x00000007d6a00000,0x00000007de800000,0x00000007de800000)
  from space 3584K, 87% used [0x00000007dec80000,0x00000007def8cc30,0x00000007df000000)
  to   space 4096K, 0% used [0x00000007de800000,0x00000007de800000,0x00000007dec00000)
 ParOldGen       total 84480K, used 40K [0x0000000783e00000, 0x0000000789080000, 0x00000007d6a00000)
  object space 84480K, 0% used [0x0000000783e00000,0x0000000783e0a000,0x0000000789080000)
 PSPermGen       total 21504K, used 8527K [0x0000000779800000, 0x000000077ad00000, 0x0000000783e00000)
  object space 21504K, 39% used [0x0000000779800000,0x000000077a053ce0,0x000000077ad00000)
Event: 1.001 GC heap after
Heap after GC invocations=7 (full 0):
 PSYoungGen      total 133120K, used 384K [0x00000007d6a00000, 0x00000007e6f00000, 0x0000000800000000)
  eden space 129024K, 0% used [0x00000007d6a00000,0x00000007d6a00000,0x00000007de800000)
  from space 4096K, 9% used [0x00000007de800000,0x00000007de860000,0x00000007dec00000)
  to   space 4608K, 0% used [0x00000007e6a80000,0x00000007e6a80000,0x00000007e6f00000)
 ParOldGen       total 84480K, used 2948K [0x0000000783e00000, 0x0000000789080000, 0x00000007d6a00000)
  object space 84480K, 3% used [0x0000000783e00000,0x00000007840e1198,0x0000000789080000)
 PSPermGen       total 21504K, used 8527K [0x0000000779800000, 0x000000077ad00000, 0x0000000783e00000)
  object space 21504K, 39% used [0x0000000779800000,0x000000077a053ce0,0x000000077ad00000)
}
Event: 1.098 GC heap before
{Heap before GC invocations=8 (full 0):
 PSYoungGen      total 133120K, used 129408K [0x00000007d6a00000, 0x00000007e6f00000, 0x0000000800000000)
  eden space 129024K, 100% used [0x00000007d6a00000,0x00000007de800000,0x00000007de800000)
  from space 4096K, 9% used [0x00000007de800000,0x00000007de860000,0x00000007dec00000)
  to   space 4608K, 0% used [0x00000007e6a80000,0x00000007e6a80000,0x00000007e6f00000)
 ParOldGen       total 84480K, used 2948K [0x0000000783e00000, 0x0000000789080000, 0x00000007d6a00000)
  object space 84480K, 3% used [0x0000000783e00000,0x00000007840e1198,0x0000000789080000)
 PSPermGen       total 21504K, used 8528K [0x0000000779800000, 0x000000077ad00000, 0x0000000783e00000)
  object space 21504K, 39% used [0x0000000779800000,0x000000077a0540b8,0x000000077ad00000)
Event: 1.099 GC heap after
Heap after GC invocations=8 (full 0):
 PSYoungGen      total 262144K, used 352K [0x00000007d6a00000, 0x00000007e7000000, 0x0000000800000000)
  eden space 257536K, 0% used [0x00000007d6a00000,0x00000007d6a00000,0x00000007e6580000)
  from space 4608K, 7% used [0x00000007e6a80000,0x00000007e6ad8000,0x00000007e6f00000)
  to   space 5120K, 0% used [0x00000007e6580000,0x00000007e6580000,0x00000007e6a80000)
 ParOldGen       total 84480K, used 3028K [0x0000000783e00000, 0x0000000789080000, 0x00000007d6a00000)
  object space 84480K, 3% used [0x0000000783e00000,0x00000007840f5198,0x0000000789080000)
 PSPermGen       total 21504K, used 8528K [0x0000000779800000, 0x000000077ad00000, 0x0000000783e00000)
  object space 21504K, 39% used [0x0000000779800000,0x000000077a0540b8,0x000000077ad00000)
}
Event: 1.296 GC heap before
{Heap before GC invocations=9 (full 0):
 PSYoungGen      total 262144K, used 257888K [0x00000007d6a00000, 0x00000007e7000000, 0x0000000800000000)
  eden space 257536K, 100% used [0x00000007d6a00000,0x00000007e6580000,0x00000007e6580000)
  from space 4608K, 7% used [0x00000007e6a80000,0x00000007e6ad8000,0x00000007e6f00000)
  to   space 5120K, 0% used [0x00000007e6580000,0x00000007e6580000,0x00000007e6a80000)
 ParOldGen       total 84480K, used 3028K [0x0000000783e00000, 0x0000000789080000, 0x00000007d6a00000)
  object space 84480K, 3% used [0x0000000783e00000,0x00000007840f5198,0x0000000789080000)
 PSPermGen       total 21504K, used 8528K [0x0000000779800000, 0x000000077ad00000, 0x0000000783e00000)
  object space 21504K, 39% used [0x0000000779800000,0x000000077a054160,0x000000077ad00000)
Event: 1.297 GC heap after
Heap after GC invocations=9 (full 0):
 PSYoungGen      total 262656K, used 320K [0x00000007d6a00000, 0x00000007f0680000, 0x0000000800000000)
  eden space 257536K, 0% used [0x00000007d6a00000,0x00000007d6a00000,0x00000007e6580000)
  from space 5120K, 6% used [0x00000007e6580000,0x00000007e65d0000,0x00000007e6a80000)
  to   space 5120K, 0% used [0x00000007f0180000,0x00000007f0180000,0x00000007f0680000)
 ParOldGen       total 84480K, used 3140K [0x0000000783e00000, 0x0000000789080000, 0x00000007d6a00000)
  object space 84480K, 3% used [0x0000000783e00000,0x0000000784111198,0x0000000789080000)
 PSPermGen       total 21504K, used 8528K [0x0000000779800000, 0x000000077ad00000, 0x0000000783e00000)
  object space 21504K, 39% used [0x0000000779800000,0x000000077a054160,0x000000077ad00000)
}
Event: 1.462 GC heap before
{Heap before GC invocations=10 (full 0):
 PSYoungGen      total 262656K, used 257856K [0x00000007d6a00000, 0x00000007f0680000, 0x0000000800000000)
  eden space 257536K, 100% used [0x00000007d6a00000,0x00000007e6580000,0x00000007e6580000)
  from space 5120K, 6% used [0x00000007e6580000,0x00000007e65d0000,0x00000007e6a80000)
  to   space 5120K, 0% used [0x00000007f0180000,0x00000007f0180000,0x00000007f0680000)
 ParOldGen       total 84480K, used 3140K [0x0000000783e00000, 0x0000000789080000, 0x00000007d6a00000)
  object space 84480K, 3% used [0x0000000783e00000,0x0000000784111198,0x0000000789080000)
 PSPermGen       total 21504K, used 8529K [0x0000000779800000, 0x000000077ad00000, 0x0000000783e00000)
  object space 21504K, 39% used [0x0000000779800000,0x000000077a054448,0x000000077ad00000)
Event: 1.464 GC heap after
Heap after GC invocations=10 (full 0):
 PSYoungGen      total 417280K, used 256K [0x00000007d6a00000, 0x00000007f0680000, 0x0000000800000000)
  eden space 412160K, 0% used [0x00000007d6a00000,0x00000007d6a00000,0x00000007efc80000)
  from space 5120K, 5% used [0x00000007f0180000,0x00000007f01c0000,0x00000007f0680000)
  to   space 5120K, 0% used [0x00000007efc80000,0x00000007efc80000,0x00000007f0180000)
 ParOldGen       total 84480K, used 3300K [0x0000000783e00000, 0x0000000789080000, 0x00000007d6a00000)
  object space 84480K, 3% used [0x0000000783e00000,0x0000000784139198,0x0000000789080000)
 PSPermGen       total 21504K, used 8529K [0x0000000779800000, 0x000000077ad00000, 0x0000000783e00000)
  object space 21504K, 39% used [0x0000000779800000,0x000000077a054448,0x000000077ad00000)
}
Event: 1.756 GC heap before
{Heap before GC invocations=11 (full 0):
 PSYoungGen      total 417280K, used 412416K [0x00000007d6a00000, 0x00000007f0680000, 0x0000000800000000)
  eden space 412160K, 100% used [0x00000007d6a00000,0x00000007efc80000,0x00000007efc80000)
  from space 5120K, 5% used [0x00000007f0180000,0x00000007f01c0000,0x00000007f0680000)
  to   space 5120K, 0% used [0x00000007efc80000,0x00000007efc80000,0x00000007f0180000)
 ParOldGen       total 84480K, used 3300K [0x0000000783e00000, 0x0000000789080000, 0x00000007d6a00000)
  object space 84480K, 3% used [0x0000000783e00000,0x0000000784139198,0x0000000789080000)
 PSPermGen       total 21504K, used 8529K [0x0000000779800000, 0x000000077ad00000, 0x0000000783e00000)
  object space 21504K, 39% used [0x0000000779800000,0x000000077a0547c8,0x000000077ad00000)

